Terminals which are not used

   TOK_BOOL
   TOK_FALSE
   TOK_TRUE
   TOK_BLOCK
   TOK_CALL
   TOK_IFELSE
   TOK_INITDECL
   TOK_POS
   TOK_NEG
   TOK_NEWARRAY
   TOK_TYPEID
   TOK_FIELD


Grammar

    0 $accept: program $end

    1 program: program token
    2        | /* empty */

    3 token: '('
    4      | ')'
    5      | '['
    6      | ']'
    7      | '{'
    8      | '}'
    9      | ';'
   10      | ','
   11      | '.'
   12      | '='
   13      | '+'
   14      | '-'
   15      | '*'
   16      | '/'
   17      | '%'
   18      | '!'
   19      | TOK_VOID
   20      | TOK_CHAR
   21      | TOK_INT
   22      | TOK_STRING
   23      | TOK_IF
   24      | TOK_ELSE
   25      | TOK_WHILE
   26      | TOK_RETURN
   27      | TOK_STRUCT
   28      | TOK_NULL
   29      | TOK_NEW
   30      | TOK_ARRAY
   31      | TOK_EQ
   32      | TOK_NE
   33      | TOK_LT
   34      | TOK_LE
   35      | TOK_GT
   36      | TOK_GE
   37      | TOK_IDENT
   38      | TOK_INTCON
   39      | TOK_CHARCON
   40      | TOK_STRINGCON
   41      | TOK_ORD
   42      | TOK_CHR
   43      | TOK_ROOT


Terminals, with rules where they appear

$end (0) 0
'!' (33) 18
'%' (37) 17
'(' (40) 3
')' (41) 4
'*' (42) 15
'+' (43) 13
',' (44) 10
'-' (45) 14
'.' (46) 11
'/' (47) 16
';' (59) 9
'=' (61) 12
'[' (91) 5
']' (93) 6
'{' (123) 7
'}' (125) 8
error (256)
TOK_VOID (258) 19
TOK_BOOL (259)
TOK_CHAR (260) 20
TOK_INT (261) 21
TOK_STRING (262) 22
TOK_IF (263) 23
TOK_ELSE (264) 24
TOK_WHILE (265) 25
TOK_RETURN (266) 26
TOK_STRUCT (267) 27
TOK_FALSE (268)
TOK_TRUE (269)
TOK_NULL (270) 28
TOK_NEW (271) 29
TOK_ARRAY (272) 30
TOK_EQ (273) 31
TOK_NE (274) 32
TOK_LT (275) 33
TOK_LE (276) 34
TOK_GT (277) 35
TOK_GE (278) 36
TOK_IDENT (279) 37
TOK_INTCON (280) 38
TOK_CHARCON (281) 39
TOK_STRINGCON (282) 40
TOK_BLOCK (283)
TOK_CALL (284)
TOK_IFELSE (285)
TOK_INITDECL (286)
TOK_POS (287)
TOK_NEG (288)
TOK_NEWARRAY (289)
TOK_TYPEID (290)
TOK_FIELD (291)
TOK_ORD (292) 41
TOK_CHR (293) 42
TOK_ROOT (294) 43


Nonterminals, with rules where they appear

$accept (56)
    on left: 0
program (57)
    on left: 1 2, on right: 0 1
token (58)
    on left: 3 4 5 6 7 8 9 10 11 12 13 14 15 16 17 18 19 20 21 22 23
    24 25 26 27 28 29 30 31 32 33 34 35 36 37 38 39 40 41 42 43,
    on right: 1


state 0

    0 $accept: . program $end

    $default  reduce using rule 2 (program)

    program  go to state 1


state 1

    0 $accept: program . $end
    1 program: program . token

    $end           shift, and go to state 2
    TOK_VOID       shift, and go to state 3
    TOK_CHAR       shift, and go to state 4
    TOK_INT        shift, and go to state 5
    TOK_STRING     shift, and go to state 6
    TOK_IF         shift, and go to state 7
    TOK_ELSE       shift, and go to state 8
    TOK_WHILE      shift, and go to state 9
    TOK_RETURN     shift, and go to state 10
    TOK_STRUCT     shift, and go to state 11
    TOK_NULL       shift, and go to state 12
    TOK_NEW        shift, and go to state 13
    TOK_ARRAY      shift, and go to state 14
    TOK_EQ         shift, and go to state 15
    TOK_NE         shift, and go to state 16
    TOK_LT         shift, and go to state 17
    TOK_LE         shift, and go to state 18
    TOK_GT         shift, and go to state 19
    TOK_GE         shift, and go to state 20
    TOK_IDENT      shift, and go to state 21
    TOK_INTCON     shift, and go to state 22
    TOK_CHARCON    shift, and go to state 23
    TOK_STRINGCON  shift, and go to state 24
    TOK_ORD        shift, and go to state 25
    TOK_CHR        shift, and go to state 26
    TOK_ROOT       shift, and go to state 27
    '('            shift, and go to state 28
    ')'            shift, and go to state 29
    '['            shift, and go to state 30
    ']'            shift, and go to state 31
    '{'            shift, and go to state 32
    '}'            shift, and go to state 33
    ';'            shift, and go to state 34
    ','            shift, and go to state 35
    '.'            shift, and go to state 36
    '='            shift, and go to state 37
    '+'            shift, and go to state 38
    '-'            shift, and go to state 39
    '*'            shift, and go to state 40
    '/'            shift, and go to state 41
    '%'            shift, and go to state 42
    '!'            shift, and go to state 43

    token  go to state 44


state 2

    0 $accept: program $end .

    $default  accept


state 3

   19 token: TOK_VOID .

    $default  reduce using rule 19 (token)


state 4

   20 token: TOK_CHAR .

    $default  reduce using rule 20 (token)


state 5

   21 token: TOK_INT .

    $default  reduce using rule 21 (token)


state 6

   22 token: TOK_STRING .

    $default  reduce using rule 22 (token)


state 7

   23 token: TOK_IF .

    $default  reduce using rule 23 (token)


state 8

   24 token: TOK_ELSE .

    $default  reduce using rule 24 (token)


state 9

   25 token: TOK_WHILE .

    $default  reduce using rule 25 (token)


state 10

   26 token: TOK_RETURN .

    $default  reduce using rule 26 (token)


state 11

   27 token: TOK_STRUCT .

    $default  reduce using rule 27 (token)


state 12

   28 token: TOK_NULL .

    $default  reduce using rule 28 (token)


state 13

   29 token: TOK_NEW .

    $default  reduce using rule 29 (token)


state 14

   30 token: TOK_ARRAY .

    $default  reduce using rule 30 (token)


state 15

   31 token: TOK_EQ .

    $default  reduce using rule 31 (token)


state 16

   32 token: TOK_NE .

    $default  reduce using rule 32 (token)


state 17

   33 token: TOK_LT .

    $default  reduce using rule 33 (token)


state 18

   34 token: TOK_LE .

    $default  reduce using rule 34 (token)


state 19

   35 token: TOK_GT .

    $default  reduce using rule 35 (token)


state 20

   36 token: TOK_GE .

    $default  reduce using rule 36 (token)


state 21

   37 token: TOK_IDENT .

    $default  reduce using rule 37 (token)


state 22

   38 token: TOK_INTCON .

    $default  reduce using rule 38 (token)


state 23

   39 token: TOK_CHARCON .

    $default  reduce using rule 39 (token)


state 24

   40 token: TOK_STRINGCON .

    $default  reduce using rule 40 (token)


state 25

   41 token: TOK_ORD .

    $default  reduce using rule 41 (token)


state 26

   42 token: TOK_CHR .

    $default  reduce using rule 42 (token)


state 27

   43 token: TOK_ROOT .

    $default  reduce using rule 43 (token)


state 28

    3 token: '(' .

    $default  reduce using rule 3 (token)


state 29

    4 token: ')' .

    $default  reduce using rule 4 (token)


state 30

    5 token: '[' .

    $default  reduce using rule 5 (token)


state 31

    6 token: ']' .

    $default  reduce using rule 6 (token)


state 32

    7 token: '{' .

    $default  reduce using rule 7 (token)


state 33

    8 token: '}' .

    $default  reduce using rule 8 (token)


state 34

    9 token: ';' .

    $default  reduce using rule 9 (token)


state 35

   10 token: ',' .

    $default  reduce using rule 10 (token)


state 36

   11 token: '.' .

    $default  reduce using rule 11 (token)


state 37

   12 token: '=' .

    $default  reduce using rule 12 (token)


state 38

   13 token: '+' .

    $default  reduce using rule 13 (token)


state 39

   14 token: '-' .

    $default  reduce using rule 14 (token)


state 40

   15 token: '*' .

    $default  reduce using rule 15 (token)


state 41

   16 token: '/' .

    $default  reduce using rule 16 (token)


state 42

   17 token: '%' .

    $default  reduce using rule 17 (token)


state 43

   18 token: '!' .

    $default  reduce using rule 18 (token)


state 44

    1 program: program token .

    $default  reduce using rule 1 (program)
